<?xml version="1.0" encoding="UTF-8"?>
<!-- Generated by org.testng.reporters.JUnitReportReporter -->
<testsuite skipped="0" hostname="pc05-PC" name="demo.Demo" tests="1" failures="0" timestamp="11 Feb 2019 04:46:50 GMT" time="75.855" errors="0">
  <testcase name="testWebsite" time="75.855" classname="demo.Demo"/>
</testsuite> <!-- demo.Demo -->
